[2018-09-12 14:02:54] my_logger.INFO: GET /player [] []
[2018-09-12 14:04:56] my_logger.INFO: GET /player [] []
[2018-09-12 14:07:44] my_logger.INFO: GET /player [] []
[2018-09-12 14:19:19] my_logger.INFO: GET /player [] []
[2018-09-12 14:22:08] my_logger.INFO: GET /player/1 [] []
[2018-09-12 14:54:53] my_logger.INFO: GET /player [] []
[2018-09-12 15:01:35] my_logger.INFO: GET /player [] []
[2018-09-12 15:01:37] my_logger.INFO: GET /player [] []
[2018-09-12 15:01:57] my_logger.INFO: GET /player [] []
[2018-09-12 15:02:01] my_logger.INFO: GET /player [] []
[2018-09-12 15:02:03] my_logger.INFO: GET /player [] []
[2018-09-12 15:15:24] my_logger.INFO: GET /player [] []
[2018-09-12 15:15:38] my_logger.INFO: GET /player [] []
[2018-09-12 15:15:48] my_logger.INFO: GET /player [] []
[2018-09-12 15:18:03] my_logger.INFO: GET /player [] []
[2018-09-12 15:18:10] my_logger.INFO: GET /player [] []
[2018-09-12 15:18:13] my_logger.INFO: GET /player [] []
[2018-09-12 15:18:15] my_logger.INFO: GET /player [] []
[2018-09-12 15:19:00] my_logger.INFO: GET /player/1 [] []
[2018-09-12 15:19:38] my_logger.INFO: GET /player [] []
[2018-09-12 15:19:40] my_logger.INFO: GET /player/1 [] []
[2018-09-12 15:19:43] my_logger.INFO: GET /player/1 [] []
[2018-09-12 15:19:46] my_logger.INFO: GET /player/1 [] []
[2018-09-13 12:42:26] my_logger.INFO: GET /player [] []
[2018-09-13 12:42:51] my_logger.INFO: POST /player/ [] []
[2018-09-13 12:42:51] my_logger.INFO: GET /player [] []
[2018-09-13 12:42:55] my_logger.INFO: GET /player/1 [] []
[2018-09-13 12:42:57] my_logger.INFO: GET /player/1 [] []
[2018-09-13 12:43:41] my_logger.INFO: GET /player [] []
[2018-09-13 12:43:43] my_logger.INFO: GET /player [] []
[2018-09-13 12:43:54] my_logger.INFO: GET /player/1 [] []
[2018-09-13 12:43:58] my_logger.INFO: GET /player/2 [] []
[2018-09-13 12:44:00] my_logger.INFO: GET /player/4 [] []
[2018-09-13 12:44:02] my_logger.INFO: GET /player/5 [] []
[2018-09-13 12:44:46] my_logger.INFO: GET /player [] []
[2018-09-13 12:44:48] my_logger.INFO: GET /player [] []
[2018-09-13 12:44:49] my_logger.INFO: GET /player [] []
[2018-09-13 12:45:20] my_logger.INFO: GET /player [] []
[2018-09-13 12:49:49] my_logger.INFO: GET /player [] []
[2018-09-13 12:50:11] my_logger.INFO: GET /player [] []
[2018-09-13 12:50:17] my_logger.INFO: GET /player/7 [] []
[2018-09-13 12:51:06] my_logger.INFO: GET /player [] []
[2018-09-13 12:51:07] my_logger.INFO: GET /player [] []
[2018-09-13 12:51:09] my_logger.INFO: GET /player/1 [] []
[2018-09-13 12:51:12] my_logger.INFO: PUT /player/1 [] []
[2018-09-13 12:51:12] my_logger.INFO: GET /player [] []
[2018-09-13 12:51:18] my_logger.INFO: GET /player/1 [] []
[2018-09-13 12:51:27] my_logger.INFO: PUT /player/1 [] []
[2018-09-13 12:51:28] my_logger.INFO: GET /player [] []
[2018-09-13 12:51:39] my_logger.INFO: GET /player/1 [] []
[2018-09-13 12:52:06] my_logger.INFO: GET /player [] []
[2018-09-13 12:52:08] my_logger.INFO: GET /player [] []
[2018-09-13 12:52:10] my_logger.INFO: GET /player [] []
[2018-09-13 12:52:43] my_logger.INFO: GET /player [] []
[2018-09-13 12:52:44] my_logger.INFO: GET /player [] []
[2018-09-13 12:53:19] my_logger.INFO: GET /player [] []
[2018-09-13 12:53:21] my_logger.INFO: GET /player [] []
[2018-09-13 12:54:43] my_logger.INFO: GET /player [] []
[2018-09-13 12:54:45] my_logger.INFO: GET /player [] []
[2018-09-13 12:54:49] my_logger.INFO: DELETE /player/7 [] []
[2018-09-13 12:54:49] my_logger.INFO: GET /player [] []
[2018-09-13 12:54:59] my_logger.INFO: DELETE /player/6 [] []
[2018-09-13 12:55:00] my_logger.INFO: GET /player [] []
[2018-09-13 12:55:09] my_logger.INFO: POST /player/ [] []
[2018-09-13 12:55:09] my_logger.INFO: GET /player [] []
[2018-09-13 12:55:18] my_logger.INFO: POST /player/ [] []
[2018-09-13 12:55:19] my_logger.INFO: GET /player [] []
[2018-09-13 12:55:22] my_logger.INFO: GET /player/9 [] []
[2018-09-13 12:55:33] my_logger.INFO: PUT /player/9 [] []
[2018-09-13 12:55:33] my_logger.INFO: GET /player [] []
[2018-09-13 12:55:35] my_logger.INFO: GET /player/9 [] []
[2018-09-13 12:55:42] my_logger.INFO: PUT /player/9 [] []
[2018-09-13 12:55:42] my_logger.INFO: GET /player [] []
